2012/08/08 15:28:59 INFO  - jmeter.util.JMeterUtils: Setting Locale to en_AU 
2012/08/08 15:28:59 INFO  - jmeter.JMeter: Loading user properties from: /home/virendra/test/target/jmeter/bin/user.properties 
2012/08/08 15:28:59 INFO  - jmeter.JMeter: Loading system properties from: /home/virendra/test/target/jmeter/bin/system.properties 
2012/08/08 15:28:59 INFO  - jmeter.JMeter: Copyright (c) 1998-2012 The Apache Software Foundation 
2012/08/08 15:28:59 INFO  - jmeter.JMeter: Version 2.6 r1237317 
2012/08/08 15:28:59 INFO  - jmeter.JMeter: java.version=1.6.0_23 
2012/08/08 15:28:59 INFO  - jmeter.JMeter: java.vm.name=OpenJDK Client VM 
2012/08/08 15:28:59 INFO  - jmeter.JMeter: os.name=Linux 
2012/08/08 15:28:59 INFO  - jmeter.JMeter: os.arch=i386 
2012/08/08 15:28:59 INFO  - jmeter.JMeter: os.version=3.0.0-12-generic 
2012/08/08 15:28:59 INFO  - jmeter.JMeter: file.encoding=UTF-8 
2012/08/08 15:28:59 INFO  - jmeter.JMeter: Default Locale=English (Australia) 
2012/08/08 15:28:59 INFO  - jmeter.JMeter: JMeter  Locale=English (Australia) 
2012/08/08 15:28:59 INFO  - jmeter.JMeter: JMeterHome=/home/virendra/test/target/jmeter 
2012/08/08 15:28:59 INFO  - jmeter.JMeter: user.dir  =/home/virendra/test/target/jmeter/bin 
2012/08/08 15:28:59 INFO  - jmeter.JMeter: PWD       =/home/virendra/test/target/jmeter/bin 
2012/08/08 15:29:00 INFO  - jmeter.JMeter: IP: 127.0.1.1 Name: ubuntu FullName: ubuntu 
2012/08/08 15:29:00 INFO  - jmeter.services.FileServer: Default base='/home/virendra/test/target/jmeter/bin' 
2012/08/08 15:29:00 INFO  - jmeter.services.FileServer: Set new base='/home/virendra/test/src/test/jmeter' 
2012/08/08 15:29:00 INFO  - jmeter.JMeter: Loading file: /home/virendra/test/src/test/jmeter/Google Site.jmx 
2012/08/08 15:29:00 INFO  - jmeter.save.SaveService: Testplan (JMX) version: 2.2. Testlog (JTL) version: 2.2 
2012/08/08 15:29:00 INFO  - jmeter.save.SaveService: Using SaveService properties file encoding UTF-8 
2012/08/08 15:29:00 INFO  - jmeter.save.SaveService: Using SaveService properties file version 1234216 
2012/08/08 15:29:00 INFO  - jmeter.save.SaveService: Using SaveService properties version 2.2 
2012/08/08 15:29:00 INFO  - jmeter.save.SaveService: All converter versions present and correct 
2012/08/08 15:29:00 INFO  - jmeter.protocol.http.sampler.HTTPSamplerBase: Cannot find .className property for htmlParser, using default 
2012/08/08 15:29:00 INFO  - jmeter.protocol.http.sampler.HTTPSamplerBase: Parser for text/html is  
2012/08/08 15:29:00 INFO  - jmeter.protocol.http.sampler.HTTPSamplerBase: Parser for application/xhtml+xml is  
2012/08/08 15:29:00 INFO  - jmeter.protocol.http.sampler.HTTPSamplerBase: Parser for application/xml is  
2012/08/08 15:29:00 INFO  - jmeter.protocol.http.sampler.HTTPSamplerBase: Parser for text/xml is  
2012/08/08 15:29:00 INFO  - jmeter.protocol.http.sampler.HTTPSamplerBase: Parser for text/vnd.wap.wml is org.apache.jmeter.protocol.http.parser.RegexpHTMLParser 
2012/08/08 15:29:00 INFO  - jmeter.protocol.http.sampler.HTTPSamplerBase: Reuse SSL session context on subsequent iterations: true 
2012/08/08 15:29:00 INFO  - jmeter.engine.StandardJMeterEngine: Running the test! 
2012/08/08 15:29:00 INFO  - jmeter.engine.util.CompoundVariable: Note: Function class names must contain the string: '.functions.' 
2012/08/08 15:29:00 INFO  - jmeter.engine.util.CompoundVariable: Note: Function class names must not contain the string: '.gui.' 
2012/08/08 15:29:00 INFO  - jmeter.JMeter: Running test (1344403740361) 
2012/08/08 15:29:00 INFO  - jmeter.engine.StandardJMeterEngine: Starting 1 threads for group Google Site. 
2012/08/08 15:29:00 INFO  - jmeter.engine.StandardJMeterEngine: Thread will continue on error 
2012/08/08 15:29:00 INFO  - jmeter.threads.JMeterThread: jmeterthread.startearlier=true (see jmeter.properties) 
2012/08/08 15:29:00 INFO  - jmeter.threads.JMeterThread: Running PostProcessors in forward order 
2012/08/08 15:29:00 INFO  - jmeter.engine.StandardJMeterEngine: All threads have been started 
2012/08/08 15:29:00 INFO  - jmeter.threads.JMeterThread: Thread started: Google Site 1-1 
2012/08/08 15:29:00 INFO  - jmeter.protocol.http.sampler.HTTPJavaImpl: Maximum connection retries = 10 
2012/08/08 15:29:00 INFO  - jmeter.samplers.SampleResult: Note: Sample TimeStamps are START times 
2012/08/08 15:29:00 INFO  - jmeter.samplers.SampleResult: sampleresult.default.encoding is set to ISO-8859-1 
2012/08/08 15:29:00 INFO  - jmeter.samplers.SampleResult: sampleresult.useNanoTime=true 
2012/08/08 15:29:00 INFO  - jmeter.samplers.SampleResult: sampleresult.nanoThreadSleep=5000 
2012/08/08 15:29:04 INFO  - jmeter.threads.JMeterThread: Thread finished: Google Site 1-1 
2012/08/08 15:29:04 INFO  - jmeter.engine.StandardJMeterEngine: Ending thread Google Site 1-1 
2012/08/08 15:29:04 INFO  - jmeter.engine.StandardJMeterEngine: Notifying test listeners of end of test 
2012/08/08 15:29:04 INFO  - jmeter.engine.StandardJMeterEngine: Test has ended on host null 
