2012/08/08 15:29:11 INFO  - jmeter.util.JMeterUtils: Setting Locale to en_AU 
2012/08/08 15:29:11 INFO  - jmeter.JMeter: Loading user properties from: /home/virendra/test/target/jmeter/bin/user.properties 
2012/08/08 15:29:11 INFO  - jmeter.JMeter: Loading system properties from: /home/virendra/test/target/jmeter/bin/system.properties 
2012/08/08 15:29:11 INFO  - jmeter.JMeter: Copyright (c) 1998-2012 The Apache Software Foundation 
2012/08/08 15:29:11 INFO  - jmeter.JMeter: Version 2.6 r1237317 
2012/08/08 15:29:11 INFO  - jmeter.JMeter: java.version=1.6.0_23 
2012/08/08 15:29:11 INFO  - jmeter.JMeter: java.vm.name=OpenJDK Client VM 
2012/08/08 15:29:11 INFO  - jmeter.JMeter: os.name=Linux 
2012/08/08 15:29:11 INFO  - jmeter.JMeter: os.arch=i386 
2012/08/08 15:29:11 INFO  - jmeter.JMeter: os.version=3.0.0-12-generic 
2012/08/08 15:29:11 INFO  - jmeter.JMeter: file.encoding=UTF-8 
2012/08/08 15:29:11 INFO  - jmeter.JMeter: Default Locale=English (Australia) 
2012/08/08 15:29:11 INFO  - jmeter.JMeter: JMeter  Locale=English (Australia) 
2012/08/08 15:29:11 INFO  - jmeter.JMeter: JMeterHome=/home/virendra/test/target/jmeter 
2012/08/08 15:29:11 INFO  - jmeter.JMeter: user.dir  =/home/virendra/test/target/jmeter/bin 
2012/08/08 15:29:11 INFO  - jmeter.JMeter: PWD       =/home/virendra/test/target/jmeter/bin 
2012/08/08 15:29:11 INFO  - jmeter.JMeter: IP: 127.0.1.1 Name: ubuntu FullName: ubuntu 
2012/08/08 15:29:11 INFO  - jmeter.services.FileServer: Set new base='/home/virendra/test/src/test/jmeter' 
2012/08/08 15:29:11 INFO  - jmeter.JMeter: Loading file: /home/virendra/test/src/test/jmeter/Product_Search.jmx 
2012/08/08 15:29:11 INFO  - jmeter.engine.StandardJMeterEngine: Running the test! 
2012/08/08 15:29:11 INFO  - jmeter.JMeter: Running test (1344403751778) 
2012/08/08 15:29:11 INFO  - jmeter.engine.StandardJMeterEngine: Starting 20 threads for group Thread Group. 
2012/08/08 15:29:11 INFO  - jmeter.engine.StandardJMeterEngine: Thread will continue on error 
2012/08/08 15:29:11 INFO  - jmeter.engine.StandardJMeterEngine: All threads have been started 
2012/08/08 15:29:11 INFO  - jmeter.threads.JMeterThread: Thread started: Thread Group 1-1 
2012/08/08 15:29:12 INFO  - jmeter.threads.JMeterThread: Thread started: Thread Group 1-2 
2012/08/08 15:29:12 INFO  - jmeter.threads.JMeterThread: Thread started: Thread Group 1-3 
2012/08/08 15:29:12 INFO  - jmeter.threads.JMeterThread: Thread started: Thread Group 1-4 
2012/08/08 15:29:12 INFO  - jmeter.threads.JMeterThread: Thread started: Thread Group 1-5 
2012/08/08 15:29:12 INFO  - jmeter.threads.JMeterThread: Thread started: Thread Group 1-6 
2012/08/08 15:29:12 INFO  - jmeter.threads.JMeterThread: Thread started: Thread Group 1-7 
2012/08/08 15:29:12 INFO  - jmeter.threads.JMeterThread: Thread finished: Thread Group 1-1 
2012/08/08 15:29:12 INFO  - jmeter.engine.StandardJMeterEngine: Ending thread Thread Group 1-1 
2012/08/08 15:29:12 INFO  - jmeter.threads.JMeterThread: Thread started: Thread Group 1-8 
2012/08/08 15:29:12 INFO  - jmeter.threads.JMeterThread: Thread finished: Thread Group 1-2 
2012/08/08 15:29:12 INFO  - jmeter.engine.StandardJMeterEngine: Ending thread Thread Group 1-2 
2012/08/08 15:29:12 INFO  - jmeter.threads.JMeterThread: Thread started: Thread Group 1-9 
2012/08/08 15:29:12 INFO  - jmeter.threads.JMeterThread: Thread finished: Thread Group 1-3 
2012/08/08 15:29:12 INFO  - jmeter.engine.StandardJMeterEngine: Ending thread Thread Group 1-3 
2012/08/08 15:29:12 INFO  - jmeter.threads.JMeterThread: Thread started: Thread Group 1-10 
2012/08/08 15:29:12 INFO  - jmeter.threads.JMeterThread: Thread finished: Thread Group 1-4 
2012/08/08 15:29:12 INFO  - jmeter.engine.StandardJMeterEngine: Ending thread Thread Group 1-4 
2012/08/08 15:29:12 INFO  - jmeter.threads.JMeterThread: Thread started: Thread Group 1-11 
2012/08/08 15:29:12 INFO  - jmeter.threads.JMeterThread: Thread finished: Thread Group 1-5 
2012/08/08 15:29:12 INFO  - jmeter.engine.StandardJMeterEngine: Ending thread Thread Group 1-5 
2012/08/08 15:29:13 INFO  - jmeter.threads.JMeterThread: Thread started: Thread Group 1-12 
2012/08/08 15:29:13 INFO  - jmeter.threads.JMeterThread: Thread finished: Thread Group 1-6 
2012/08/08 15:29:13 INFO  - jmeter.engine.StandardJMeterEngine: Ending thread Thread Group 1-6 
2012/08/08 15:29:13 INFO  - jmeter.threads.JMeterThread: Thread started: Thread Group 1-13 
2012/08/08 15:29:13 INFO  - jmeter.threads.JMeterThread: Thread finished: Thread Group 1-7 
2012/08/08 15:29:13 INFO  - jmeter.engine.StandardJMeterEngine: Ending thread Thread Group 1-7 
2012/08/08 15:29:13 INFO  - jmeter.threads.JMeterThread: Thread started: Thread Group 1-14 
2012/08/08 15:29:13 INFO  - jmeter.threads.JMeterThread: Thread finished: Thread Group 1-8 
2012/08/08 15:29:13 INFO  - jmeter.engine.StandardJMeterEngine: Ending thread Thread Group 1-8 
2012/08/08 15:29:13 INFO  - jmeter.threads.JMeterThread: Thread started: Thread Group 1-15 
2012/08/08 15:29:13 INFO  - jmeter.threads.JMeterThread: Thread finished: Thread Group 1-9 
2012/08/08 15:29:13 INFO  - jmeter.engine.StandardJMeterEngine: Ending thread Thread Group 1-9 
2012/08/08 15:29:13 INFO  - jmeter.threads.JMeterThread: Thread started: Thread Group 1-16 
2012/08/08 15:29:13 INFO  - jmeter.threads.JMeterThread: Thread finished: Thread Group 1-10 
2012/08/08 15:29:13 INFO  - jmeter.engine.StandardJMeterEngine: Ending thread Thread Group 1-10 
2012/08/08 15:29:13 INFO  - jmeter.threads.JMeterThread: Thread started: Thread Group 1-17 
2012/08/08 15:29:13 INFO  - jmeter.threads.JMeterThread: Thread finished: Thread Group 1-11 
2012/08/08 15:29:13 INFO  - jmeter.engine.StandardJMeterEngine: Ending thread Thread Group 1-11 
2012/08/08 15:29:13 INFO  - jmeter.threads.JMeterThread: Thread started: Thread Group 1-18 
2012/08/08 15:29:13 INFO  - jmeter.threads.JMeterThread: Thread finished: Thread Group 1-12 
2012/08/08 15:29:13 INFO  - jmeter.engine.StandardJMeterEngine: Ending thread Thread Group 1-12 
2012/08/08 15:29:13 INFO  - jmeter.threads.JMeterThread: Thread started: Thread Group 1-19 
2012/08/08 15:29:13 INFO  - jmeter.threads.JMeterThread: Thread finished: Thread Group 1-13 
2012/08/08 15:29:13 INFO  - jmeter.engine.StandardJMeterEngine: Ending thread Thread Group 1-13 
2012/08/08 15:29:13 INFO  - jmeter.threads.JMeterThread: Thread started: Thread Group 1-20 
2012/08/08 15:29:13 INFO  - jmeter.threads.JMeterThread: Thread finished: Thread Group 1-14 
2012/08/08 15:29:13 INFO  - jmeter.engine.StandardJMeterEngine: Ending thread Thread Group 1-14 
2012/08/08 15:29:13 INFO  - jmeter.threads.JMeterThread: Thread finished: Thread Group 1-15 
2012/08/08 15:29:13 INFO  - jmeter.engine.StandardJMeterEngine: Ending thread Thread Group 1-15 
2012/08/08 15:29:14 INFO  - jmeter.threads.JMeterThread: Thread finished: Thread Group 1-16 
2012/08/08 15:29:14 INFO  - jmeter.engine.StandardJMeterEngine: Ending thread Thread Group 1-16 
2012/08/08 15:29:14 INFO  - jmeter.threads.JMeterThread: Thread finished: Thread Group 1-17 
2012/08/08 15:29:14 INFO  - jmeter.engine.StandardJMeterEngine: Ending thread Thread Group 1-17 
2012/08/08 15:29:14 INFO  - jmeter.threads.JMeterThread: Thread finished: Thread Group 1-18 
2012/08/08 15:29:14 INFO  - jmeter.engine.StandardJMeterEngine: Ending thread Thread Group 1-18 
2012/08/08 15:29:14 INFO  - jmeter.threads.JMeterThread: Thread finished: Thread Group 1-19 
2012/08/08 15:29:14 INFO  - jmeter.engine.StandardJMeterEngine: Ending thread Thread Group 1-19 
2012/08/08 15:29:14 INFO  - jmeter.threads.JMeterThread: Thread finished: Thread Group 1-20 
2012/08/08 15:29:14 INFO  - jmeter.engine.StandardJMeterEngine: Ending thread Thread Group 1-20 
2012/08/08 15:29:14 INFO  - jmeter.engine.StandardJMeterEngine: Notifying test listeners of end of test 
2012/08/08 15:29:14 INFO  - jmeter.engine.StandardJMeterEngine: Test has ended on host null 
